[26-02-2022 02:52:51] | dev | INFO    | Classes have been mapped
[26-02-2022 02:52:51] | dev | INFO    | INSERT operation request ...
[26-02-2022 02:52:51] | dev | INFO    | INSERT operation request ...
[26-02-2022 02:52:51] | dev | INFO    | INSERT operation request ...
[26-02-2022 02:54:00] | dev | INFO    | Classes have been mapped
[26-02-2022 02:54:00] | dev | INFO    | INSERT operation request ...
[26-02-2022 02:54:00] | dev | INFO    | INSERT operation request ...
[26-02-2022 02:54:00] | dev | INFO    | INSERT operation request ...
[26-02-2022 03:00:51] | dev | INFO    | Classes have been mapped
[26-02-2022 03:00:51] | dev | INFO    | INSERT operation request ...
[26-02-2022 03:00:51] | dev | INFO    | INSERT operation request ...
[26-02-2022 03:00:51] | dev | INFO    | INSERT operation request ...
[26-02-2022 03:01:45] | dev | INFO    | Classes have been mapped
[26-02-2022 03:01:45] | dev | INFO    | INSERT operation request ...
[26-02-2022 03:01:45] | dev | INFO    | INSERT operation request ...
[26-02-2022 03:01:45] | dev | INFO    | INSERT operation request ...
[26-02-2022 03:02:09] | dev | INFO    | Classes have been mapped
[26-02-2022 03:12:42] | dev | INFO    | Classes have been mapped
[26-02-2022 03:12:42] | dev | INFO    | INSERT operation request ...
[26-02-2022 03:12:42] | dev | INFO    | INSERT operation request ...
[26-02-2022 03:12:42] | dev | INFO    | INSERT operation request ...
[26-02-2022 03:14:14] | dev | INFO    | Classes have been mapped
[26-02-2022 03:14:14] | dev | INFO    | INSERT operation request ...
[26-02-2022 03:14:14] | dev | INFO    | INSERT operation request ...
[26-02-2022 03:14:14] | dev | INFO    | INSERT operation request ...
[26-02-2022 03:23:35] | dev | INFO    | Classes have been mapped
[26-02-2022 03:23:35] | dev | INFO    | INSERT operation request ...
[26-02-2022 03:23:35] | dev | INFO    | INSERT operation request ...
[26-02-2022 03:23:35] | dev | INFO    | INSERT operation request ...
[26-02-2022 03:32:42] | dev | INFO    | Classes have been mapped
[26-02-2022 03:33:18] | dev | INFO    | Classes have been mapped
[26-02-2022 03:34:12] | dev | INFO    | Classes have been mapped
[26-02-2022 03:35:03] | dev | INFO    | Classes have been mapped
[26-02-2022 03:35:59] | dev | INFO    | Classes have been mapped
[26-02-2022 03:36:41] | dev | INFO    | Classes have been mapped
[26-02-2022 03:38:06] | dev | INFO    | Classes have been mapped
[26-02-2022 03:38:06] | dev | INFO    | INSERT operation request ...
[26-02-2022 03:38:06] | dev | INFO    | INSERT operation request ...
[26-02-2022 03:38:06] | dev | INFO    | INSERT operation request ...
[26-02-2022 03:40:30] | dev | INFO    | Classes have been mapped
[26-02-2022 03:40:30] | dev | INFO    | INSERT operation request ...
[26-02-2022 03:40:30] | dev | INFO    | INSERT operation request ...
[26-02-2022 03:40:30] | dev | INFO    | INSERT operation request ...
[26-02-2022 03:43:40] | dev | INFO    | Classes have been mapped
[26-02-2022 03:43:40] | dev | INFO    | INSERT operation request ...
[26-02-2022 03:43:40] | dev | INFO    | INSERT operation request ...
[26-02-2022 03:43:40] | dev | INFO    | INSERT operation request ...
[26-02-2022 03:44:54] | dev | INFO    | Classes have been mapped
[26-02-2022 03:44:54] | dev | INFO    | INSERT operation request ...
[26-02-2022 03:44:54] | dev | INFO    | INSERT operation request ...
[26-02-2022 03:44:54] | dev | INFO    | INSERT operation request ...
[26-02-2022 03:45:35] | dev | INFO    | Classes have been mapped
[26-02-2022 03:45:35] | dev | INFO    | INSERT operation request ...
[26-02-2022 03:45:35] | dev | INFO    | INSERT operation request ...
[26-02-2022 03:45:35] | dev | INFO    | INSERT operation request ...
[26-02-2022 03:46:11] | dev | INFO    | Classes have been mapped
[26-02-2022 03:46:11] | dev | INFO    | INSERT operation request ...
[26-02-2022 03:46:11] | dev | INFO    | INSERT operation request ...
[26-02-2022 03:46:11] | dev | INFO    | INSERT operation request ...
[26-02-2022 03:46:42] | dev | INFO    | Classes have been mapped
[26-02-2022 03:46:42] | dev | INFO    | INSERT operation request ...
[26-02-2022 03:46:42] | dev | INFO    | INSERT operation request ...
[26-02-2022 03:46:42] | dev | INFO    | INSERT operation request ...
[26-02-2022 03:48:54] | dev | INFO    | Classes have been mapped
[26-02-2022 03:48:54] | dev | INFO    | INSERT operation request ...
[26-02-2022 03:48:54] | dev | INFO    | INSERT operation request ...
[26-02-2022 03:48:54] | dev | INFO    | INSERT operation request ...
[26-02-2022 04:06:19] | dev | INFO    | Classes have been mapped
[26-02-2022 04:06:19] | dev | INFO    | INSERT operation request ...
[26-02-2022 04:06:19] | dev | INFO    | INSERT operation request ...
[26-02-2022 04:06:19] | dev | INFO    | INSERT operation request ...
[26-02-2022 04:07:55] | dev | INFO    | Classes have been mapped
[26-02-2022 04:07:55] | dev | INFO    | INSERT operation request ...
[26-02-2022 04:07:55] | dev | INFO    | INSERT operation request ...
[26-02-2022 04:07:55] | dev | INFO    | INSERT operation request ...
[26-02-2022 04:08:45] | dev | INFO    | Classes have been mapped
[26-02-2022 04:08:45] | dev | INFO    | INSERT operation request ...
[26-02-2022 04:08:45] | dev | INFO    | INSERT operation request ...
[26-02-2022 04:08:45] | dev | INFO    | INSERT operation request ...
[26-02-2022 04:19:08] | dev | INFO    | Classes have been mapped
[26-02-2022 04:19:08] | dev | INFO    | INSERT operation request ...
[26-02-2022 04:19:08] | dev | INFO    | INSERT operation request ...
[26-02-2022 04:19:08] | dev | INFO    | INSERT operation request ...
[26-02-2022 04:20:01] | dev | INFO    | Classes have been mapped
[26-02-2022 04:20:01] | dev | INFO    | INSERT operation request ...
[26-02-2022 04:20:01] | dev | INFO    | INSERT operation request ...
[26-02-2022 04:20:01] | dev | INFO    | INSERT operation request ...
[26-02-2022 04:22:07] | dev | INFO    | Classes have been mapped
[26-02-2022 04:22:07] | dev | INFO    | INSERT operation request ...
[26-02-2022 04:22:07] | dev | INFO    | INSERT operation request ...
[26-02-2022 04:22:07] | dev | INFO    | INSERT operation request ...
[26-02-2022 04:31:26] | dev | INFO    | Classes have been mapped
[26-02-2022 04:31:26] | dev | INFO    | SELECT ALL operation request ...
[26-02-2022 04:31:26] | dev | INFO    | INSERT operation request ...
[26-02-2022 04:31:26] | dev | INFO    | INSERT operation request ...
[26-02-2022 04:31:26] | dev | INFO    | INSERT operation request ...
[26-02-2022 04:40:19] | dev | INFO    | Classes have been mapped
[26-02-2022 04:40:19] | dev | INFO    | SELECT ALL operation request ...
[26-02-2022 04:40:19] | dev | INFO    | INSERT operation request ...
[26-02-2022 04:40:19] | dev | INFO    | INSERT operation request ...
[26-02-2022 04:40:19] | dev | INFO    | INSERT operation request ...
[26-02-2022 04:41:37] | dev | INFO    | Classes have been mapped
[26-02-2022 04:41:37] | dev | INFO    | SELECT ALL operation request ...
[26-02-2022 04:41:37] | dev | INFO    | INSERT operation request ...
[26-02-2022 04:41:37] | dev | INFO    | INSERT operation request ...
[26-02-2022 04:41:37] | dev | INFO    | INSERT operation request ...
[26-02-2022 04:44:00] | dev | INFO    | Classes have been mapped
[26-02-2022 04:44:00] | dev | INFO    | SELECT ALL operation request ...
[26-02-2022 04:44:00] | dev | INFO    | INSERT operation request ...
[26-02-2022 04:44:00] | dev | INFO    | INSERT operation request ...
[26-02-2022 04:44:00] | dev | INFO    | INSERT operation request ...
[26-02-2022 04:44:58] | dev | INFO    | Classes have been mapped
[26-02-2022 04:44:58] | dev | INFO    | SELECT ALL operation request ...
[26-02-2022 04:44:58] | dev | INFO    | INSERT operation request ...
[26-02-2022 04:44:58] | dev | INFO    | INSERT operation request ...
[26-02-2022 04:44:58] | dev | INFO    | INSERT operation request ...
[26-02-2022 04:45:46] | dev | INFO    | Classes have been mapped
[26-02-2022 04:45:46] | dev | INFO    | SELECT ALL operation request ...
[26-02-2022 04:45:46] | dev | INFO    | INSERT operation request ...
[26-02-2022 04:45:46] | dev | INFO    | INSERT operation request ...
[26-02-2022 04:45:46] | dev | INFO    | INSERT operation request ...
[26-02-2022 04:46:19] | dev | INFO    | Classes have been mapped
[26-02-2022 04:46:19] | dev | INFO    | INSERT operation request ...
[26-02-2022 04:46:19] | dev | INFO    | INSERT operation request ...
[26-02-2022 04:46:19] | dev | INFO    | INSERT operation request ...
[26-02-2022 04:46:19] | dev | INFO    | SELECT ALL operation request ...
[26-02-2022 04:46:40] | dev | INFO    | Classes have been mapped
[26-02-2022 04:46:40] | dev | INFO    | INSERT operation request ...
[26-02-2022 04:46:40] | dev | INFO    | INSERT operation request ...
[26-02-2022 04:46:40] | dev | INFO    | INSERT operation request ...
[26-02-2022 04:46:40] | dev | INFO    | SELECT ALL operation request ...
[26-02-2022 04:49:58] | dev | INFO    | Classes have been mapped
[26-02-2022 04:49:58] | dev | INFO    | INSERT operation request ...
[26-02-2022 04:50:39] | dev | INFO    | Classes have been mapped
[26-02-2022 04:50:39] | dev | INFO    | INSERT operation request ...
[26-02-2022 04:50:39] | dev | INFO    | INSERT operation request ...
[26-02-2022 04:50:39] | dev | INFO    | INSERT operation request ...
[26-02-2022 04:50:39] | dev | INFO    | SELECT ALL operation request ...
[26-02-2022 04:50:39] | dev | INFO    | DELETE operation request ...
[26-02-2022 04:51:20] | dev | INFO    | Classes have been mapped
[26-02-2022 04:51:20] | dev | INFO    | INSERT operation request ...
[26-02-2022 04:51:20] | dev | INFO    | INSERT operation request ...
[26-02-2022 04:51:20] | dev | INFO    | INSERT operation request ...
[26-02-2022 04:51:20] | dev | INFO    | SELECT ALL operation request ...
[26-02-2022 04:51:20] | dev | INFO    | DELETE operation request ...
[26-02-2022 04:53:08] | dev | INFO    | Classes have been mapped
[26-02-2022 04:53:08] | dev | INFO    | INSERT operation request ...
[26-02-2022 04:53:08] | dev | INFO    | INSERT operation request ...
[26-02-2022 04:53:08] | dev | INFO    | INSERT operation request ...
[26-02-2022 04:53:08] | dev | INFO    | SELECT ALL operation request ...
[26-02-2022 04:53:08] | dev | INFO    | DELETE operation request ...
[26-02-2022 04:54:11] | dev | INFO    | Classes have been mapped
[26-02-2022 04:54:11] | dev | INFO    | INSERT operation request ...
[26-02-2022 04:54:11] | dev | INFO    | INSERT operation request ...
[26-02-2022 04:54:11] | dev | INFO    | INSERT operation request ...
[26-02-2022 04:54:11] | dev | INFO    | SELECT ALL operation request ...
[26-02-2022 04:54:11] | dev | INFO    | DELETE operation request ...
[26-02-2022 04:56:39] | dev | INFO    | Classes have been mapped
[26-02-2022 04:56:39] | dev | INFO    | INSERT operation request ...
[26-02-2022 04:56:39] | dev | INFO    | INSERT operation request ...
[26-02-2022 04:56:39] | dev | INFO    | INSERT operation request ...
[26-02-2022 04:56:39] | dev | INFO    | SELECT ALL operation request ...
[26-02-2022 04:56:39] | dev | INFO    | DELETE operation request ...
[26-02-2022 04:57:01] | dev | INFO    | Classes have been mapped
[26-02-2022 04:57:01] | dev | INFO    | INSERT operation request ...
[26-02-2022 04:57:01] | dev | INFO    | INSERT operation request ...
[26-02-2022 04:57:01] | dev | INFO    | INSERT operation request ...
[26-02-2022 04:57:01] | dev | INFO    | SELECT ALL operation request ...
[26-02-2022 04:57:01] | dev | INFO    | DELETE operation request ...
[26-02-2022 05:00:54] | dev | INFO    | Classes have been mapped
[26-02-2022 05:00:54] | dev | INFO    | INSERT operation request ...
[26-02-2022 05:00:54] | dev | INFO    | INSERT operation request ...
[26-02-2022 05:00:54] | dev | INFO    | INSERT operation request ...
[26-02-2022 05:00:54] | dev | INFO    | SELECT ALL operation request ...
[26-02-2022 05:00:54] | dev | INFO    | DELETE operation request ...
[26-02-2022 05:01:18] | dev | INFO    | Classes have been mapped
[26-02-2022 05:01:18] | dev | INFO    | INSERT operation request ...
[26-02-2022 05:01:18] | dev | INFO    | INSERT operation request ...
[26-02-2022 05:01:18] | dev | INFO    | INSERT operation request ...
[26-02-2022 05:01:18] | dev | INFO    | SELECT ALL operation request ...
[26-02-2022 05:01:18] | dev | INFO    | DELETE operation request ...
[26-02-2022 18:47:01] | dev | INFO    | Classes have been mapped
[26-02-2022 18:47:01] | dev | INFO    | INSERT operation request ...
[26-02-2022 18:47:01] | dev | INFO    | INSERT operation request ...
[26-02-2022 18:47:02] | dev | INFO    | INSERT operation request ...
[26-02-2022 18:47:02] | dev | INFO    | SELECT ALL operation request ...
[26-02-2022 18:47:02] | dev | INFO    | DELETE operation request ...
[26-02-2022 18:52:46] | dev | INFO    | Classes have been mapped
[26-02-2022 18:56:20] | dev | INFO    | Classes have been mapped
[26-02-2022 18:56:20] | dev | INFO    | INSERT operation request ...
[26-02-2022 18:56:20] | dev | INFO    | INSERT operation request ...
[26-02-2022 18:56:20] | dev | INFO    | INSERT operation request ...
[26-02-2022 18:56:20] | dev | INFO    | SELECT ALL operation request ...
[26-02-2022 18:56:20] | dev | INFO    | DELETE operation request ...
[26-02-2022 18:57:32] | dev | INFO    | Classes have been mapped
[26-02-2022 18:57:32] | dev | INFO    | INSERT operation request ...
[26-02-2022 18:57:32] | dev | INFO    | INSERT operation request ...
[26-02-2022 18:57:32] | dev | INFO    | INSERT operation request ...
[26-02-2022 18:57:32] | dev | INFO    | SELECT ALL operation request ...
[26-02-2022 18:57:32] | dev | INFO    | DELETE operation request ...
[26-02-2022 18:57:57] | dev | INFO    | Classes have been mapped
[26-02-2022 18:57:57] | dev | INFO    | INSERT operation request ...
[26-02-2022 18:57:58] | dev | INFO    | INSERT operation request ...
[26-02-2022 18:57:58] | dev | INFO    | INSERT operation request ...
[26-02-2022 18:58:10] | dev | INFO    | Classes have been mapped
[26-02-2022 18:58:10] | dev | INFO    | INSERT operation request ...
[26-02-2022 18:58:10] | dev | INFO    | INSERT operation request ...
[26-02-2022 18:58:11] | dev | INFO    | INSERT operation request ...
[26-02-2022 18:58:11] | dev | INFO    | SELECT ALL operation request ...
[26-02-2022 18:58:11] | dev | INFO    | DELETE operation request ...
[26-02-2022 19:05:28] | dev | INFO    | Classes have been mapped
[26-02-2022 19:05:28] | dev | INFO    | INSERT operation request ...
[26-02-2022 19:05:28] | dev | INFO    | INSERT operation request ...
[26-02-2022 19:05:28] | dev | INFO    | INSERT operation request ...
[26-02-2022 19:05:28] | dev | INFO    | SELECT ALL operation request ...
[26-02-2022 19:05:28] | dev | INFO    | DELETE operation request ...
[26-02-2022 19:11:29] | dev | INFO    | Classes have been mapped
[26-02-2022 19:11:29] | dev | INFO    | INSERT operation request ...
[26-02-2022 19:11:29] | dev | INFO    | INSERT operation request ...
[26-02-2022 19:11:29] | dev | INFO    | INSERT operation request ...
[26-02-2022 19:11:29] | dev | INFO    | SELECT ALL operation request ...
[26-02-2022 19:11:29] | dev | INFO    | DELETE operation request ...
[26-02-2022 19:17:18] | dev | INFO    | Classes have been mapped
[26-02-2022 19:17:18] | dev | INFO    | INSERT operation request ...
[26-02-2022 19:17:18] | dev | INFO    | INSERT operation request ...
[26-02-2022 19:17:18] | dev | INFO    | INSERT operation request ...
[26-02-2022 19:17:18] | dev | INFO    | SELECT ALL operation request ...
[26-02-2022 19:18:01] | dev | INFO    | Classes have been mapped
[26-02-2022 19:18:01] | dev | INFO    | INSERT operation request ...
[26-02-2022 19:18:01] | dev | INFO    | INSERT operation request ...
[26-02-2022 19:18:01] | dev | INFO    | INSERT operation request ...
[26-02-2022 19:18:01] | dev | INFO    | SELECT ALL operation request ...
[26-02-2022 19:18:01] | dev | INFO    | DELETE operation request ...
[26-02-2022 19:18:13] | dev | INFO    | Classes have been mapped
[26-02-2022 19:18:13] | dev | INFO    | INSERT operation request ...
[26-02-2022 19:18:13] | dev | INFO    | INSERT operation request ...
[26-02-2022 19:18:13] | dev | INFO    | INSERT operation request ...
[26-02-2022 19:18:13] | dev | INFO    | SELECT ALL operation request ...
[26-02-2022 19:18:14] | dev | INFO    | DELETE operation request ...
[26-02-2022 19:24:03] | dev | INFO    | Classes have been mapped
[26-02-2022 19:24:03] | dev | INFO    | INSERT operation request ...
[26-02-2022 19:24:03] | dev | INFO    | INSERT operation request ...
[26-02-2022 19:24:03] | dev | INFO    | INSERT operation request ...
[26-02-2022 19:24:03] | dev | INFO    | SELECT ALL operation request ...
[26-02-2022 19:24:03] | dev | INFO    | DELETE operation request ...
[26-02-2022 19:24:03] | dev | INFO    | SELECT ALL operation request ...
[26-02-2022 19:24:03] | dev | INFO    | SELECT ALL operation request ...
[26-02-2022 19:27:20] | dev | INFO    | Classes have been mapped
[26-02-2022 19:27:20] | dev | INFO    | INSERT operation request ...
[26-02-2022 19:27:20] | dev | INFO    | INSERT operation request ...
[26-02-2022 19:27:20] | dev | INFO    | INSERT operation request ...
[26-02-2022 19:27:20] | dev | INFO    | SELECT ALL operation request ...
[26-02-2022 19:27:20] | dev | INFO    | DELETE operation request ...
[26-02-2022 19:27:20] | dev | INFO    | SELECT ALL operation request ...
[26-02-2022 19:27:20] | dev | INFO    | SELECT ALL operation request ...
[26-02-2022 19:28:51] | dev | INFO    | Classes have been mapped
[26-02-2022 19:28:51] | dev | INFO    | INSERT operation request ...
[26-02-2022 19:28:51] | dev | INFO    | INSERT operation request ...
[26-02-2022 19:28:51] | dev | INFO    | INSERT operation request ...
[26-02-2022 19:28:51] | dev | INFO    | SELECT ALL operation request ...
[26-02-2022 19:28:51] | dev | INFO    | SELECT ALL operation request ...
[26-02-2022 19:28:51] | dev | INFO    | SELECT ALL operation request ...
[26-02-2022 19:30:08] | dev | INFO    | Classes have been mapped
[26-02-2022 19:30:08] | dev | INFO    | INSERT operation request ...
[26-02-2022 19:30:08] | dev | INFO    | INSERT operation request ...
[26-02-2022 19:30:08] | dev | INFO    | INSERT operation request ...
[26-02-2022 19:30:08] | dev | INFO    | SELECT ALL operation request ...
[26-02-2022 19:30:08] | dev | INFO    | SELECT ALL operation request ...
[26-02-2022 19:30:08] | dev | INFO    | SELECT ALL operation request ...
[26-02-2022 19:34:24] | dev | INFO    | Classes have been mapped
[26-02-2022 19:34:24] | dev | INFO    | INSERT operation request ...
[26-02-2022 19:34:24] | dev | INFO    | INSERT operation request ...
[26-02-2022 19:34:24] | dev | INFO    | INSERT operation request ...
[26-02-2022 19:34:24] | dev | INFO    | SELECT ALL operation request ...
[26-02-2022 19:34:24] | dev | INFO    | DELETE operation request ...
[26-02-2022 19:34:24] | dev | INFO    | ProductDescriptionModel(id=11, modified_at=None, inserted_at=datetime.datetime(2022, 2, 26, 19, 24, 4), created_at=datetime.datetime(2022, 2, 26, 19, 24, 4), name='Compal Frutos Vermelhos', category='Sumos', subcategory='Nectares', internal_code=3249, ean=3517721165, product_dimensions=ProductDimensionsModel(id=11, modified_at=None, inserted_at=datetime.datetime(2022, 2, 26, 19, 24, 4), created_at=datetime.datetime(2022, 2, 26, 19, 24, 4), unity_of_measure='unidade', unity_per_pack=75, pack_per_level=12, level_per_pallet=4, unity_area=199), product_periodicity=ProductPeriodicityModel(id=11, modified_at=None, inserted_at=datetime.datetime(2022, 2, 26, 19, 24, 4), created_at=datetime.datetime(2022, 2, 26, 19, 24, 4), entry_on_warehouse=datetime.date(2000, 9, 17), expire_date=datetime.date(2010, 4, 19)))
[26-02-2022 19:34:24] | dev | INFO    | SELECT ALL operation request ...
[26-02-2022 19:34:24] | dev | INFO    | DELETE operation request ...
[26-02-2022 19:34:24] | dev | INFO    | ProductDimensionsModel(id=12, modified_at=None, inserted_at=datetime.datetime(2022, 2, 26, 19, 27, 20), created_at=datetime.datetime(2022, 2, 26, 19, 27, 20), unity_of_measure='unidade', unity_per_pack=90, pack_per_level=25, level_per_pallet=1, unity_area=219)
[26-02-2022 19:34:24] | dev | INFO    | SELECT ALL operation request ...
[26-02-2022 19:34:24] | dev | INFO    | DELETE operation request ...
[26-02-2022 19:34:24] | dev | INFO    | ProductPeriodicityModel(id=12, modified_at=None, inserted_at=datetime.datetime(2022, 2, 26, 19, 27, 20), created_at=datetime.datetime(2022, 2, 26, 19, 27, 20), entry_on_warehouse=datetime.date(2000, 9, 22), expire_date=datetime.date(2010, 10, 5))
[26-02-2022 19:34:41] | dev | INFO    | Classes have been mapped
[26-02-2022 19:34:41] | dev | INFO    | INSERT operation request ...
[26-02-2022 19:34:41] | dev | INFO    | INSERT operation request ...
[26-02-2022 19:34:41] | dev | INFO    | INSERT operation request ...
[26-02-2022 19:34:41] | dev | INFO    | SELECT ALL operation request ...
[26-02-2022 19:34:41] | dev | INFO    | DELETE operation request ...
[26-02-2022 19:34:41] | dev | INFO    | SELECT ALL operation request ...
[26-02-2022 19:34:41] | dev | INFO    | DELETE operation request ...
[26-02-2022 19:34:41] | dev | INFO    | SELECT ALL operation request ...
[26-02-2022 19:34:41] | dev | INFO    | DELETE operation request ...
[27-02-2022 15:39:49] | dev | INFO    | Classes have been mapped
[27-02-2022 15:39:49] | dev | INFO    | INSERT operation request ...
[27-02-2022 15:39:49] | dev | INFO    | INSERT operation request ...
[27-02-2022 15:39:49] | dev | INFO    | INSERT operation request ...
[27-02-2022 15:39:49] | dev | INFO    | SELECT ALL operation request ...
[27-02-2022 15:39:49] | dev | INFO    | DELETE operation request ...
[27-02-2022 15:39:49] | dev | INFO    | SELECT ALL operation request ...
[27-02-2022 15:39:49] | dev | INFO    | DELETE operation request ...
[27-02-2022 15:39:49] | dev | INFO    | SELECT ALL operation request ...
[27-02-2022 15:39:49] | dev | INFO    | DELETE operation request ...
[27-02-2022 15:40:20] | dev | INFO    | Classes have been mapped
[27-02-2022 15:40:20] | dev | INFO    | INSERT operation request ...
[27-02-2022 15:40:20] | dev | INFO    | INSERT operation request ...
[27-02-2022 15:40:20] | dev | INFO    | INSERT operation request ...
[27-02-2022 15:40:20] | dev | INFO    | SELECT ALL operation request ...
[27-02-2022 15:40:20] | dev | INFO    | DELETE operation request ...
[27-02-2022 15:40:20] | dev | INFO    | SELECT ALL operation request ...
[27-02-2022 15:40:20] | dev | INFO    | DELETE operation request ...
[27-02-2022 15:40:20] | dev | INFO    | SELECT ALL operation request ...
[27-02-2022 15:40:20] | dev | INFO    | DELETE operation request ...
[27-02-2022 15:41:05] | dev | INFO    | Classes have been mapped
[27-02-2022 15:41:05] | dev | INFO    | INSERT operation request ...
[27-02-2022 15:41:05] | dev | INFO    | INSERT operation request ...
[27-02-2022 15:41:05] | dev | INFO    | INSERT operation request ...
[27-02-2022 15:41:05] | dev | INFO    | SELECT ALL operation request ...
[27-02-2022 15:41:05] | dev | INFO    | DELETE operation request ...
[27-02-2022 15:41:05] | dev | INFO    | SELECT ALL operation request ...
[27-02-2022 15:41:05] | dev | INFO    | SELECT ALL operation request ...
